<?xml version="1.0" encoding="UTF-8"?>
<!-- Generated by org.testng.reporters.JUnitXMLReporter -->
<testsuite hostname="Cuneyts-MacBook-Pro.local" ignored="0" name="Test" tests="1" failures="0" timestamp="20 Jan 2017 12:31:16 GMT" time="0.073" errors="0">
  <testcase name="@BeforeTest setup" time="0.0" classname="blutvtests.NewTest">
    <failure type="org.testng.TestNGException" message="
Parameter &amp;apos;browser&amp;apos; is required by BeforeTest on method setup but has not been marked @Optional or defined
in /Users/cuneytcakir/Documents/workspace/BluTvWeb/testng.xml">
      <![CDATA[org.testng.TestNGException: 
Parameter 'browser' is required by BeforeTest on method setup but has not been marked @Optional or defined
in /Users/cuneytcakir/Documents/workspace/BluTvWeb/testng.xml
... Removed 20 stack frames]]>
    </failure>
  </testcase> <!-- @BeforeTest setup -->
  <testcase name="@AfterTest afterTest" time="0.0" classname="blutvtests.NewTest">
    <skipped/>
  </testcase> <!-- @AfterTest afterTest -->
  <testcase name="login" time="0.012" classname="blutvtests.NewTest">
    <skipped/>
  </testcase> <!-- login -->
</testsuite> <!-- Test -->
